Scala Task-Day1
Start Reading the Scala Task 01.txt File
Read all the Lines in the File
Remove All non alphabet characters and convert all to lower case characters
Number of alphabetical characters in the File is 235
Add Characters to HashMap
Number of unique alphabetical characters in the File is 23
Start write characters occurrence ratio
Writing to the file is success
Print Characters and Ratio in the console
Finished the Task
Scala Task-Day1
Start Reading the Scala Task 01.txt File
Read all the Lines in the File
Remove All non alphabet characters and convert all to lower case characters
Number of alphabetical characters in the File is 235
Add Characters to HashMap
Number of unique alphabetical characters in the File is 23
Start write characters occurrence ratio
Writing to the file is success
Print Characters and Ratio in the console
Finished the Task
